0 info it worked if it ends with ok
1 verbose cli [ 'C:\\Program Files\\nodejs\\node.exe',
1 verbose cli   'C:\\Program Files\\nodejs\\node_modules\\npm\\bin\\npm-cli.js',
1 verbose cli   'run',
1 verbose cli   'css-compile-docs' ]
2 info using npm@3.10.10
3 info using node@v6.11.2
4 verbose run-script [ 'precss-compile-docs',
4 verbose run-script   'css-compile-docs',
4 verbose run-script   'postcss-compile-docs' ]
5 info lifecycle bootstrap@4.0.0-beta.2~precss-compile-docs: bootstrap@4.0.0-beta.2
6 silly lifecycle bootstrap@4.0.0-beta.2~precss-compile-docs: no script for precss-compile-docs, continuing
7 info lifecycle bootstrap@4.0.0-beta.2~css-compile-docs: bootstrap@4.0.0-beta.2
8 verbose lifecycle bootstrap@4.0.0-beta.2~css-compile-docs: unsafe-perm in lifecycle true
9 verbose lifecycle bootstrap@4.0.0-beta.2~css-compile-docs: PATH: C:\Program Files\nodejs\node_modules\npm\bin\node-gyp-bin;C:\Users\nicksav\Documents\Visual Studio 2017\Projects\documentation\node_modules\.bin;C:\Ruby25\bin;C:\tools\ruby25\bin;C:\ProgramData\Oracle\Java\javapath;C:\Windows\system32;C:\Windows;C:\Windows\System32\Wbem;C:\Windows\System32\WindowsPowerShell\v1.0\;C:\Program Files\dotnet\;C:\Program Files (x86)\Microsoft SQL Server\Client SDK\ODBC\130\Tools\Binn\;C:\Program Files (x86)\Microsoft SQL Server\140\Tools\Binn\;C:\Program Files (x86)\Microsoft SQL Server\140\DTS\Binn\;C:\Program Files (x86)\Microsoft SQL Server\140\Tools\Binn\ManagementStudio\;C:\Program Files\nodejs\;C:\Program Files\Git\cmd;C:\Program Files\Microsoft SQL Server\130\Tools\Binn\;C:\Program Files\Microsoft SQL Server\120\Tools\Binn\;C:\Program Files (x86)\Microsoft SQL Server\120\Tools\Binn\ManagementStudio\;C:\Program Files (x86)\Microsoft SQL Server\120\Tools\Binn\;C:\Program Files (x86)\Microsoft Visual Studio 12.0\Common7\IDE\PrivateAssemblies\;C:\Program Files (x86)\Microsoft SQL Server\120\DTS\Binn\;C:\Program Files\Microsoft\Web Platform Installer\;C:\Program Files (x86)\Microsoft ASP.NET\ASP.NET Web Pages\v1.0\;C:\Program Files (x86)\Windows Kits\8.0\Windows Performance Toolkit\;C:\Program Files\Microsoft SQL Server\110\Tools\Binn\;C:\Program Files (x86)\Microsoft SQL Server\110\Tools\Binn\ManagementStudio\;C:\Program Files (x86)\Microsoft SQL Server\110\Tools\Binn\;C:\Program Files (x86)\Microsoft Visual Studio 11.0\Common7\IDE\PrivateAssemblies\;C:\Program Files (x86)\Microsoft SQL Server\110\DTS\Binn\;C:\Program Files (x86)\Skype\Phone\;C:\Program Files (x86)\Sennheiser\SoftphoneSDK\;C:\Program Files (x86)\WebEx\Productivity Tools;C:\ProgramData\chocolatey\bin;C:\Ruby25\bin;C:\Ruby25-x64\bin;C:\Users\nicksav\AppData\Local\Microsoft\WindowsApps;C:\Users\nicksav\AppData\Roaming\npm;C:\Program Files\Microsoft VS Code\bin;C:\Users\nicksav\AppData\Local\GitHubDesktop\bin
10 verbose lifecycle bootstrap@4.0.0-beta.2~css-compile-docs: CWD: C:\Users\nicksav\Documents\Visual Studio 2017\Projects\documentation
11 silly lifecycle bootstrap@4.0.0-beta.2~css-compile-docs: Args: [ '/d /s /c',
11 silly lifecycle   'node-sass --output-style expanded --source-map true --source-map-contents true --precision 6 assets/scss/docs.scss assets/css/docs.min.css' ]
12 silly lifecycle bootstrap@4.0.0-beta.2~css-compile-docs: Returned: code: 1  signal: null
13 info lifecycle bootstrap@4.0.0-beta.2~css-compile-docs: Failed to exec css-compile-docs script
14 verbose stack Error: bootstrap@4.0.0-beta.2 css-compile-docs: `node-sass --output-style expanded --source-map true --source-map-contents true --precision 6 assets/scss/docs.scss assets/css/docs.min.css`
14 verbose stack Exit status 1
14 verbose stack     at EventEmitter.<anonymous> (C:\Program Files\nodejs\node_modules\npm\lib\utils\lifecycle.js:255:16)
14 verbose stack     at emitTwo (events.js:106:13)
14 verbose stack     at EventEmitter.emit (events.js:191:7)
14 verbose stack     at ChildProcess.<anonymous> (C:\Program Files\nodejs\node_modules\npm\lib\utils\spawn.js:40:14)
14 verbose stack     at emitTwo (events.js:106:13)
14 verbose stack     at ChildProcess.emit (events.js:191:7)
14 verbose stack     at maybeClose (internal/child_process.js:891:16)
14 verbose stack     at Process.ChildProcess._handle.onexit (internal/child_process.js:226:5)
15 verbose pkgid bootstrap@4.0.0-beta.2
16 verbose cwd C:\Users\nicksav\Documents\Visual Studio 2017\Projects\documentation
17 error Windows_NT 10.0.14393
18 error argv "C:\\Program Files\\nodejs\\node.exe" "C:\\Program Files\\nodejs\\node_modules\\npm\\bin\\npm-cli.js" "run" "css-compile-docs"
19 error node v6.11.2
20 error npm  v3.10.10
21 error code ELIFECYCLE
22 error bootstrap@4.0.0-beta.2 css-compile-docs: `node-sass --output-style expanded --source-map true --source-map-contents true --precision 6 assets/scss/docs.scss assets/css/docs.min.css`
22 error Exit status 1
23 error Failed at the bootstrap@4.0.0-beta.2 css-compile-docs script 'node-sass --output-style expanded --source-map true --source-map-contents true --precision 6 assets/scss/docs.scss assets/css/docs.min.css'.
23 error Make sure you have the latest version of node.js and npm installed.
23 error If you do, this is most likely a problem with the bootstrap package,
23 error not with npm itself.
23 error Tell the author that this fails on your system:
23 error     node-sass --output-style expanded --source-map true --source-map-contents true --precision 6 assets/scss/docs.scss assets/css/docs.min.css
23 error You can get information on how to open an issue for this project with:
23 error     npm bugs bootstrap
23 error Or if that isn't available, you can get their info via:
23 error     npm owner ls bootstrap
23 error There is likely additional logging output above.
24 verbose exit [ 1, true ]
